This file contains any messages produced by compilers while
running configure, to aid debugging if configure makes a mistake.

It was created by zeromq configure 2.0.10, which was
generated by GNU Autoconf 2.65.  Invocation command line was

  $ ./configure 

## --------- ##
## Platform. ##
## --------- ##

hostname = TISs-MacBook-Pro.local
uname -m = i386
uname -r = 10.4.0
uname -s = Darwin
uname -v = Darwin Kernel Version 10.4.0: Fri Apr 23 18:28:53 PDT 2010; root:xnu-1504.7.4~1/RELEASE_I386

/usr/bin/uname -p = i386
/bin/uname -X     = unknown

/bin/arch              = unknown
/usr/bin/arch -k       = unknown
/usr/convex/getsysinfo = unknown
/usr/bin/hostinfo      = Mach kernel version:
	 Darwin Kernel Version 10.4.0: Fri Apr 23 18:28:53 PDT 2010; root:xnu-1504.7.4~1/RELEASE_I386
Kernel configured for up to 4 processors.
2 processors are physically available.
4 processors are logically available.
Processor type: i486 (Intel 80486)
Processors active: 0 1 2 3
Primary memory available: 8.00 gigabytes
Default processor set: 59 tasks, 258 threads, 4 processors
Load average: 0.37, Mach factor: 3.61
/bin/machine           = unknown
/usr/bin/oslevel       = unknown
/bin/universe          = unknown

PATH: /opt/local/bin
PATH: /opt/local/sbin
PATH: /usr/bin
PATH: /bin
PATH: /usr/sbin
PATH: /sbin
PATH: /usr/local/bin
PATH: /usr/X11/bin


## ----------- ##
## Core tests. ##
## ----------- ##

configure:2692: checking for a BSD-compatible install
configure:2760: result: /usr/bin/install -c
configure:2771: checking whether build environment is sane
configure:2821: result: yes
configure:2962: checking for a thread-safe mkdir -p
configure:3001: result: config/install-sh -c -d
configure:3014: checking for gawk
configure:3044: result: no
configure:3014: checking for mawk
configure:3044: result: no
configure:3014: checking for nawk
configure:3044: result: no
configure:3014: checking for awk
configure:3030: found /usr/bin/awk
configure:3041: result: awk
configure:3052: checking whether make sets $(MAKE)
configure:3074: result: yes
configure:3149: checking how to create a ustar tar archive
configure:3162: tar --version
bsdtar 2.6.2 - libarchive 2.6.2
configure:3165: $? = 0
configure:3205: tardir=conftest.dir && eval tar --format=ustar -chf - "$tardir" >conftest.tar
configure:3208: $? = 0
configure:3212: tar -xf - <conftest.tar
configure:3215: $? = 0
configure:3228: result: gnutar
configure:3298: checking for gcc
configure:3314: found /usr/bin/gcc
configure:3325: result: gcc
configure:3554: checking for C compiler version
configure:3563: gcc --version >&5
i686-apple-darwin10-gcc-4.2.1 (GCC) 4.2.1 (Apple Inc. build 5659)
Copyright (C) 2007 Free Software Foundation, Inc.
This is free software; see the source for copying conditions.  There is NO
warranty; not even for MERCHANTABILITY or FITNESS FOR A PARTICULAR PURPOSE.

configure:3574: $? = 0
configure:3563: gcc -v >&5
Using built-in specs.
Target: i686-apple-darwin10
Configured with: /var/tmp/gcc/gcc-5659~1/src/configure --disable-checking --enable-werror --prefix=/usr --mandir=/share/man --enable-languages=c,objc,c++,obj-c++ --program-transform-name=/^[cg][^.-]*$/s/$/-4.2/ --with-slibdir=/usr/lib --build=i686-apple-darwin10 --program-prefix=i686-apple-darwin10- --host=x86_64-apple-darwin10 --target=i686-apple-darwin10 --with-gxx-include-dir=/include/c++/4.2.1
Thread model: posix
gcc version 4.2.1 (Apple Inc. build 5659)
configure:3574: $? = 0
configure:3563: gcc -V >&5
gcc-4.2: argument to `-V' is missing
configure:3574: $? = 1
configure:3563: gcc -qversion >&5
i686-apple-darwin10-gcc-4.2.1: no input files
configure:3574: $? = 1
configure:3594: checking whether the C compiler works
configure:3616: gcc    conftest.c  >&5
configure:3620: $? = 0
configure:3669: result: yes
configure:3672: checking for C compiler default output file name
configure:3674: result: a.out
configure:3680: checking for suffix of executables
configure:3687: gcc -o conftest    conftest.c  >&5
configure:3691: $? = 0
configure:3713: result: 
configure:3735: checking whether we are cross compiling
configure:3743: gcc -o conftest    conftest.c  >&5
configure:3747: $? = 0
configure:3754: ./conftest
configure:3758: $? = 0
configure:3773: result: no
configure:3778: checking for suffix of object files
configure:3800: gcc -c   conftest.c >&5
configure:3804: $? = 0
configure:3825: result: o
configure:3829: checking whether we are using the GNU C compiler
configure:3848: gcc -c   conftest.c >&5
configure:3848: $? = 0
configure:3857: result: yes
configure:3866: checking whether gcc accepts -g
configure:3886: gcc -c -g  conftest.c >&5
configure:3886: $? = 0
configure:3927: result: yes
configure:3944: checking for gcc option to accept ISO C89
configure:4008: gcc  -c -g -O2  conftest.c >&5
configure:4008: $? = 0
configure:4021: result: none needed
configure:4052: checking for style of include used by make
configure:4080: result: GNU
configure:4105: checking dependency style of gcc
configure:4215: result: gcc3
configure:4288: checking for g++
configure:4304: found /usr/bin/g++
configure:4315: result: g++
configure:4342: checking for C++ compiler version
configure:4351: g++ --version >&5
i686-apple-darwin10-g++-4.2.1 (GCC) 4.2.1 (Apple Inc. build 5659)
Copyright (C) 2007 Free Software Foundation, Inc.
This is free software; see the source for copying conditions.  There is NO
warranty; not even for MERCHANTABILITY or FITNESS FOR A PARTICULAR PURPOSE.

configure:4362: $? = 0
configure:4351: g++ -v >&5
Using built-in specs.
Target: i686-apple-darwin10
Configured with: /var/tmp/gcc/gcc-5659~1/src/configure --disable-checking --enable-werror --prefix=/usr --mandir=/share/man --enable-languages=c,objc,c++,obj-c++ --program-transform-name=/^[cg][^.-]*$/s/$/-4.2/ --with-slibdir=/usr/lib --build=i686-apple-darwin10 --program-prefix=i686-apple-darwin10- --host=x86_64-apple-darwin10 --target=i686-apple-darwin10 --with-gxx-include-dir=/include/c++/4.2.1
Thread model: posix
gcc version 4.2.1 (Apple Inc. build 5659)
configure:4362: $? = 0
configure:4351: g++ -V >&5
g++-4.2: argument to `-V' is missing
configure:4362: $? = 1
configure:4351: g++ -qversion >&5
i686-apple-darwin10-g++-4.2.1: no input files
configure:4362: $? = 1
configure:4366: checking whether we are using the GNU C++ compiler
configure:4385: g++ -c   conftest.cpp >&5
configure:4385: $? = 0
configure:4394: result: yes
configure:4403: checking whether g++ accepts -g
configure:4423: g++ -c -g  conftest.cpp >&5
configure:4423: $? = 0
configure:4464: result: yes
configure:4489: checking dependency style of g++
configure:4599: result: gcc3
configure:4615: checking whether gcc and cc understand -c and -o together
configure:4646: gcc -c conftest.c -o conftest2.o >&5
configure:4650: $? = 0
configure:4656: gcc -c conftest.c -o conftest2.o >&5
configure:4660: $? = 0
configure:4671: cc -c conftest.c >&5
configure:4675: $? = 0
configure:4683: cc -c conftest.c -o conftest2.o >&5
configure:4687: $? = 0
configure:4693: cc -c conftest.c -o conftest2.o >&5
configure:4697: $? = 0
configure:4715: result: yes
configure:4744: checking build system type
configure:4758: result: i386-apple-darwin10.4.0
configure:4778: checking host system type
configure:4791: result: i386-apple-darwin10.4.0
configure:5139: checking for a sed that does not truncate output
configure:5203: result: /usr/bin/sed
configure:5221: checking for grep that handles long lines and -e
configure:5279: result: /usr/bin/grep
configure:5284: checking for egrep
configure:5346: result: /usr/bin/grep -E
configure:5351: checking for fgrep
configure:5413: result: /usr/bin/grep -F
configure:5448: checking for ld used by gcc
configure:5515: result: /usr/libexec/gcc/i686-apple-darwin10/4.2.1/ld
configure:5522: checking if the linker (/usr/libexec/gcc/i686-apple-darwin10/4.2.1/ld) is GNU ld
configure:5537: result: no
configure:5549: checking for BSD- or MS-compatible name lister (nm)
configure:5598: result: /usr/bin/nm
configure:5716: checking the name lister (/usr/bin/nm) interface
configure:5723: gcc -c -g -O2  conftest.c >&5
configure:5726: /usr/bin/nm "conftest.o"
configure:5729: output
000000000000018c D _some_variable
configure:5736: result: BSD nm
configure:5739: checking whether ln -s works
configure:5743: result: yes
configure:5751: checking the maximum length of command line arguments
configure:5871: result: 196608
configure:5888: checking whether the shell understands some XSI constructs
configure:5898: result: yes
configure:5902: checking whether the shell understands "+="
configure:5908: result: yes
configure:5943: checking for /usr/libexec/gcc/i686-apple-darwin10/4.2.1/ld option to reload object files
configure:5950: result: -r
configure:6019: checking for objdump
configure:6046: result: objdump
configure:6075: checking how to recognize dependent libraries
configure:6271: result: pass_all
configure:6331: checking for ar
configure:6347: found /usr/bin/ar
configure:6358: result: ar
configure:6436: checking for strip
configure:6452: found /usr/bin/strip
configure:6463: result: strip
configure:6535: checking for ranlib
configure:6551: found /usr/bin/ranlib
configure:6562: result: ranlib
configure:6652: checking command to parse /usr/bin/nm output from gcc object
configure:6770: gcc -c -g -O2  conftest.c >&5
configure:6773: $? = 0
configure:6777: /usr/bin/nm conftest.o \| sed -n -e 's/^.*[	 ]\([BCDEGRST][BCDEGRST]*\)[	 ][	 ]*\([_A-Za-z][_A-Za-z0-9]*\)$/\1 \2 \2/p' \> conftest.nm
configure:6780: $? = 0
cannot find nm_test_var in conftest.nm
configure:6770: gcc -c -g -O2  conftest.c >&5
configure:6773: $? = 0
configure:6777: /usr/bin/nm conftest.o \| sed -n -e 's/^.*[	 ]\([BCDEGRST][BCDEGRST]*\)[	 ][	 ]*_\([_A-Za-z][_A-Za-z0-9]*\)$/\1 _\2 \2/p' \> conftest.nm
configure:6780: $? = 0
configure:6834: gcc -o conftest -g -O2   conftest.c conftstm.o >&5
configure:6837: $? = 0
configure:6875: result: ok
configure:7140: checking for dsymutil
configure:7156: found /usr/bin/dsymutil
configure:7167: result: dsymutil
configure:7232: checking for nmedit
configure:7248: found /usr/bin/nmedit
configure:7259: result: nmedit
configure:7324: checking for lipo
configure:7340: found /usr/bin/lipo
configure:7351: result: lipo
configure:7416: checking for otool
configure:7432: found /usr/bin/otool
configure:7443: result: otool
configure:7508: checking for otool64
configure:7538: result: no
configure:7583: checking for -single_module linker flag
gcc -g -O2  -o libconftest.dylib -dynamiclib -Wl,-single_module conftest.c
configure:7610: result: yes
configure:7612: checking for -exported_symbols_list linker flag
configure:7632: gcc -o conftest -g -O2   -Wl,-exported_symbols_list,conftest.sym conftest.c  >&5
configure:7632: $? = 0
configure:7642: result: yes
configure:7684: checking how to run the C preprocessor
configure:7715: gcc -E  conftest.c
configure:7715: $? = 0
configure:7729: gcc -E  conftest.c
conftest.c:11:28: error: ac_nonexistent.h: No such file or directory
configure:7729: $? = 1
configure: failed program was:
| /* confdefs.h */
| #define PACKAGE_NAME "zeromq"
| #define PACKAGE_TARNAME "zeromq"
| #define PACKAGE_VERSION "2.0.10"
| #define PACKAGE_STRING "zeromq 2.0.10"
| #define PACKAGE_BUGREPORT "zeromq-dev@lists.zeromq.org"
| #define PACKAGE_URL ""
| #define PACKAGE "zeromq"
| #define VERSION "2.0.10"
| /* end confdefs.h.  */
| #include <ac_nonexistent.h>
configure:7754: result: gcc -E
configure:7774: gcc -E  conftest.c
configure:7774: $? = 0
configure:7788: gcc -E  conftest.c
conftest.c:11:28: error: ac_nonexistent.h: No such file or directory
configure:7788: $? = 1
configure: failed program was:
| /* confdefs.h */
| #define PACKAGE_NAME "zeromq"
| #define PACKAGE_TARNAME "zeromq"
| #define PACKAGE_VERSION "2.0.10"
| #define PACKAGE_STRING "zeromq 2.0.10"
| #define PACKAGE_BUGREPORT "zeromq-dev@lists.zeromq.org"
| #define PACKAGE_URL ""
| #define PACKAGE "zeromq"
| #define VERSION "2.0.10"
| /* end confdefs.h.  */
| #include <ac_nonexistent.h>
configure:7817: checking for ANSI C header files
configure:7837: gcc -c -g -O2  conftest.c >&5
configure:7837: $? = 0
configure:7910: gcc -o conftest -g -O2   conftest.c  >&5
configure:7910: $? = 0
configure:7910: ./conftest
configure:7910: $? = 0
configure:7921: result: yes
configure:7934: checking for sys/types.h
configure:7934: gcc -c -g -O2  conftest.c >&5
configure:7934: $? = 0
configure:7934: result: yes
configure:7934: checking for sys/stat.h
configure:7934: gcc -c -g -O2  conftest.c >&5
configure:7934: $? = 0
configure:7934: result: yes
configure:7934: checking for stdlib.h
configure:7934: gcc -c -g -O2  conftest.c >&5
configure:7934: $? = 0
configure:7934: result: yes
configure:7934: checking for string.h
configure:7934: gcc -c -g -O2  conftest.c >&5
configure:7934: $? = 0
configure:7934: result: yes
configure:7934: checking for memory.h
configure:7934: gcc -c -g -O2  conftest.c >&5
configure:7934: $? = 0
configure:7934: result: yes
configure:7934: checking for strings.h
configure:7934: gcc -c -g -O2  conftest.c >&5
configure:7934: $? = 0
configure:7934: result: yes
configure:7934: checking for inttypes.h
configure:7934: gcc -c -g -O2  conftest.c >&5
configure:7934: $? = 0
configure:7934: result: yes
configure:7934: checking for stdint.h
configure:7934: gcc -c -g -O2  conftest.c >&5
configure:7934: $? = 0
configure:7934: result: yes
configure:7934: checking for unistd.h
configure:7934: gcc -c -g -O2  conftest.c >&5
configure:7934: $? = 0
configure:7934: result: yes
configure:7949: checking for dlfcn.h
configure:7949: gcc -c -g -O2  conftest.c >&5
configure:7949: $? = 0
configure:7949: result: yes
configure:8074: checking for C++ compiler version
configure:8083: g++ --version >&5
i686-apple-darwin10-g++-4.2.1 (GCC) 4.2.1 (Apple Inc. build 5659)
Copyright (C) 2007 Free Software Foundation, Inc.
This is free software; see the source for copying conditions.  There is NO
warranty; not even for MERCHANTABILITY or FITNESS FOR A PARTICULAR PURPOSE.

configure:8094: $? = 0
configure:8083: g++ -v >&5
Using built-in specs.
Target: i686-apple-darwin10
Configured with: /var/tmp/gcc/gcc-5659~1/src/configure --disable-checking --enable-werror --prefix=/usr --mandir=/share/man --enable-languages=c,objc,c++,obj-c++ --program-transform-name=/^[cg][^.-]*$/s/$/-4.2/ --with-slibdir=/usr/lib --build=i686-apple-darwin10 --program-prefix=i686-apple-darwin10- --host=x86_64-apple-darwin10 --target=i686-apple-darwin10 --with-gxx-include-dir=/include/c++/4.2.1
Thread model: posix
gcc version 4.2.1 (Apple Inc. build 5659)
configure:8094: $? = 0
configure:8083: g++ -V >&5
g++-4.2: argument to `-V' is missing
configure:8094: $? = 1
configure:8083: g++ -qversion >&5
i686-apple-darwin10-g++-4.2.1: no input files
configure:8094: $? = 1
configure:8098: checking whether we are using the GNU C++ compiler
configure:8126: result: yes
configure:8135: checking whether g++ accepts -g
configure:8196: result: yes
configure:8221: checking dependency style of g++
configure:8331: result: gcc3
configure:8354: checking how to run the C++ preprocessor
configure:8381: g++ -E  conftest.cpp
configure:8381: $? = 0
configure:8395: g++ -E  conftest.cpp
conftest.cpp:22:28: error: ac_nonexistent.h: No such file or directory
configure:8395: $? = 1
configure: failed program was:
| /* confdefs.h */
| #define PACKAGE_NAME "zeromq"
| #define PACKAGE_TARNAME "zeromq"
| #define PACKAGE_VERSION "2.0.10"
| #define PACKAGE_STRING "zeromq 2.0.10"
| #define PACKAGE_BUGREPORT "zeromq-dev@lists.zeromq.org"
| #define PACKAGE_URL ""
| #define PACKAGE "zeromq"
| #define VERSION "2.0.10"
| #define STDC_HEADERS 1
| #define HAVE_SYS_TYPES_H 1
| #define HAVE_SYS_STAT_H 1
| #define HAVE_STDLIB_H 1
| #define HAVE_STRING_H 1
| #define HAVE_MEMORY_H 1
| #define HAVE_STRINGS_H 1
| #define HAVE_INTTYPES_H 1
| #define HAVE_STDINT_H 1
| #define HAVE_UNISTD_H 1
| #define HAVE_DLFCN_H 1
| /* end confdefs.h.  */
| #include <ac_nonexistent.h>
configure:8420: result: g++ -E
configure:8440: g++ -E  conftest.cpp
configure:8440: $? = 0
configure:8454: g++ -E  conftest.cpp
conftest.cpp:22:28: error: ac_nonexistent.h: No such file or directory
configure:8454: $? = 1
configure: failed program was:
| /* confdefs.h */
| #define PACKAGE_NAME "zeromq"
| #define PACKAGE_TARNAME "zeromq"
| #define PACKAGE_VERSION "2.0.10"
| #define PACKAGE_STRING "zeromq 2.0.10"
| #define PACKAGE_BUGREPORT "zeromq-dev@lists.zeromq.org"
| #define PACKAGE_URL ""
| #define PACKAGE "zeromq"
| #define VERSION "2.0.10"
| #define STDC_HEADERS 1
| #define HAVE_SYS_TYPES_H 1
| #define HAVE_SYS_STAT_H 1
| #define HAVE_STDLIB_H 1
| #define HAVE_STRING_H 1
| #define HAVE_MEMORY_H 1
| #define HAVE_STRINGS_H 1
| #define HAVE_INTTYPES_H 1
| #define HAVE_STDINT_H 1
| #define HAVE_UNISTD_H 1
| #define HAVE_DLFCN_H 1
| /* end confdefs.h.  */
| #include <ac_nonexistent.h>
configure:8658: checking for objdir
configure:8673: result: .libs
configure:8969: checking if gcc supports -fno-rtti -fno-exceptions
configure:8987: gcc -c -g -O2  -fno-rtti -fno-exceptions conftest.c >&5
cc1: warning: command line option "-fno-rtti" is valid for C++/ObjC++ but not for C
configure:8991: $? = 0
configure:9004: result: no
configure:9024: checking for gcc option to produce PIC
configure:9296: result: -fno-common -DPIC
configure:9308: checking if gcc PIC flag -fno-common -DPIC works
configure:9326: gcc -c -g -O2  -fno-common -DPIC -DPIC conftest.c >&5
configure:9330: $? = 0
configure:9343: result: yes
configure:9367: checking if gcc static flag -static works
configure:9395: result: no
configure:9410: checking if gcc supports -c -o file.o
configure:9431: gcc -c -g -O2  -o out/conftest2.o conftest.c >&5
configure:9435: $? = 0
configure:9457: result: yes
configure:9465: checking if gcc supports -c -o file.o
configure:9512: result: yes
configure:9545: checking whether the gcc linker (/usr/libexec/gcc/i686-apple-darwin10/4.2.1/ld) supports shared libraries
configure:10536: result: yes
configure:10775: checking dynamic linker characteristics
configure:11438: result: darwin10.4.0 dyld
configure:11540: checking how to hardcode library paths into programs
configure:11565: result: immediate
configure:12085: checking whether stripping libraries is possible
configure:12099: result: yes
configure:12125: checking if libtool supports shared libraries
configure:12127: result: yes
configure:12130: checking whether to build shared libraries
configure:12151: result: yes
configure:12154: checking whether to build static libraries
configure:12158: result: yes
configure:12308: checking for ld used by g++
configure:12375: result: /usr/libexec/gcc/i686-apple-darwin10/4.2.1/ld
configure:12382: checking if the linker (/usr/libexec/gcc/i686-apple-darwin10/4.2.1/ld) is GNU ld
configure:12397: result: no
configure:12452: checking whether the g++ linker (/usr/libexec/gcc/i686-apple-darwin10/4.2.1/ld) supports shared libraries
configure:13365: result: yes
configure:13393: g++ -c -g -O2  conftest.cpp >&5
configure:13396: $? = 0
configure:13578: checking for g++ option to produce PIC
configure:13895: result: -fno-common -DPIC
configure:13904: checking if g++ PIC flag -fno-common -DPIC works
configure:13922: g++ -c -g -O2  -fno-common -DPIC -DPIC conftest.cpp >&5
configure:13926: $? = 0
configure:13939: result: yes
configure:13960: checking if g++ static flag -static works
configure:13988: result: no
configure:14000: checking if g++ supports -c -o file.o
configure:14021: g++ -c -g -O2  -o out/conftest2.o conftest.cpp >&5
configure:14025: $? = 0
configure:14047: result: yes
configure:14052: checking if g++ supports -c -o file.o
configure:14099: result: yes
configure:14129: checking whether the g++ linker (/usr/libexec/gcc/i686-apple-darwin10/4.2.1/ld) supports shared libraries
configure:14158: result: yes
configure:14295: checking dynamic linker characteristics
configure:14906: result: darwin10.4.0 dyld
configure:14957: checking how to hardcode library paths into programs
configure:14982: result: immediate
configure:15040: checking for a sed that does not truncate output
configure:15104: result: /usr/bin/sed
configure:15113: checking for gawk
configure:15140: result: awk
configure:15160: checking for pthread_create in -lpthread
configure:15185: gcc -o conftest -g -O2   conftest.c -lpthread   >&5
configure:15185: $? = 0
configure:15194: result: yes
configure:15230: checking for asciidoc
configure:15258: result: no
configure:15268: checking for xmlto
configure:15296: result: no
configure:15313: checking whether to build documentation
configure:15315: result: no
configure:15317: checking whether to install manpages
configure:15319: result: yes
configure:16006: checking for ANSI C header files
configure:16110: result: yes
configure:16122: checking errno.h usability
configure:16122: gcc -c -g -O2 -D_DARWIN_C_SOURCE -D_REENTRANT -D_THREAD_SAFE  conftest.c >&5
configure:16122: $? = 0
configure:16122: result: yes
configure:16122: checking errno.h presence
configure:16122: gcc -E -D_DARWIN_C_SOURCE -D_REENTRANT -D_THREAD_SAFE  conftest.c
configure:16122: $? = 0
configure:16122: result: yes
configure:16122: checking for errno.h
configure:16122: result: yes
configure:16122: checking arpa/inet.h usability
configure:16122: gcc -c -g -O2 -D_DARWIN_C_SOURCE -D_REENTRANT -D_THREAD_SAFE  conftest.c >&5
configure:16122: $? = 0
configure:16122: result: yes
configure:16122: checking arpa/inet.h presence
configure:16122: gcc -E -D_DARWIN_C_SOURCE -D_REENTRANT -D_THREAD_SAFE  conftest.c
configure:16122: $? = 0
configure:16122: result: yes
configure:16122: checking for arpa/inet.h
configure:16122: result: yes
configure:16122: checking netinet/tcp.h usability
configure:16122: gcc -c -g -O2 -D_DARWIN_C_SOURCE -D_REENTRANT -D_THREAD_SAFE  conftest.c >&5
configure:16122: $? = 0
configure:16122: result: yes
configure:16122: checking netinet/tcp.h presence
configure:16122: gcc -E -D_DARWIN_C_SOURCE -D_REENTRANT -D_THREAD_SAFE  conftest.c
configure:16122: $? = 0
configure:16122: result: yes
configure:16122: checking for netinet/tcp.h
configure:16122: result: yes
configure:16122: checking netinet/in.h usability
configure:16122: gcc -c -g -O2 -D_DARWIN_C_SOURCE -D_REENTRANT -D_THREAD_SAFE  conftest.c >&5
configure:16122: $? = 0
configure:16122: result: yes
configure:16122: checking netinet/in.h presence
configure:16122: gcc -E -D_DARWIN_C_SOURCE -D_REENTRANT -D_THREAD_SAFE  conftest.c
configure:16122: $? = 0
configure:16122: result: yes
configure:16122: checking for netinet/in.h
configure:16122: result: yes
configure:16122: checking stddef.h usability
configure:16122: gcc -c -g -O2 -D_DARWIN_C_SOURCE -D_REENTRANT -D_THREAD_SAFE  conftest.c >&5
configure:16122: $? = 0
configure:16122: result: yes
configure:16122: checking stddef.h presence
configure:16122: gcc -E -D_DARWIN_C_SOURCE -D_REENTRANT -D_THREAD_SAFE  conftest.c
configure:16122: $? = 0
configure:16122: result: yes
configure:16122: checking for stddef.h
configure:16122: result: yes
configure:16122: checking for stdlib.h
configure:16122: result: yes
configure:16122: checking for string.h
configure:16122: result: yes
configure:16122: checking sys/socket.h usability
configure:16122: gcc -c -g -O2 -D_DARWIN_C_SOURCE -D_REENTRANT -D_THREAD_SAFE  conftest.c >&5
configure:16122: $? = 0
configure:16122: result: yes
configure:16122: checking sys/socket.h presence
configure:16122: gcc -E -D_DARWIN_C_SOURCE -D_REENTRANT -D_THREAD_SAFE  conftest.c
configure:16122: $? = 0
configure:16122: result: yes
configure:16122: checking for sys/socket.h
configure:16122: result: yes
configure:16122: checking sys/time.h usability
configure:16122: gcc -c -g -O2 -D_DARWIN_C_SOURCE -D_REENTRANT -D_THREAD_SAFE  conftest.c >&5
configure:16122: $? = 0
configure:16122: result: yes
configure:16122: checking sys/time.h presence
configure:16122: gcc -E -D_DARWIN_C_SOURCE -D_REENTRANT -D_THREAD_SAFE  conftest.c
configure:16122: $? = 0
configure:16122: result: yes
configure:16122: checking for sys/time.h
configure:16122: result: yes
configure:16122: checking for unistd.h
configure:16122: result: yes
configure:16122: checking limits.h usability
configure:16122: gcc -c -g -O2 -D_DARWIN_C_SOURCE -D_REENTRANT -D_THREAD_SAFE  conftest.c >&5
configure:16122: $? = 0
configure:16122: result: yes
configure:16122: checking limits.h presence
configure:16122: gcc -E -D_DARWIN_C_SOURCE -D_REENTRANT -D_THREAD_SAFE  conftest.c
configure:16122: $? = 0
configure:16122: result: yes
configure:16122: checking for limits.h
configure:16122: result: yes
configure:16137: checking ifaddrs.h usability
configure:16137: gcc -c -g -O2 -D_DARWIN_C_SOURCE -D_REENTRANT -D_THREAD_SAFE  conftest.c >&5
configure:16137: $? = 0
configure:16137: result: yes
configure:16137: checking ifaddrs.h presence
configure:16137: gcc -E -D_DARWIN_C_SOURCE -D_REENTRANT -D_THREAD_SAFE  conftest.c
configure:16137: $? = 0
configure:16137: result: yes
configure:16137: checking for ifaddrs.h
configure:16137: result: yes
configure:16171: checking for pkg-config
configure:16187: found /opt/local/bin/pkg-config
configure:16199: result: yes
configure:16210: checking for stdbool.h that conforms to C99
configure:16295: g++ -c -g -O2 -D_DARWIN_C_SOURCE -D_REENTRANT -D_THREAD_SAFE  conftest.cpp >&5
configure:16295: $? = 0
configure:16302: result: yes
configure:16304: checking for _Bool
configure:16304: g++ -c -g -O2 -D_DARWIN_C_SOURCE -D_REENTRANT -D_THREAD_SAFE  conftest.cpp >&5
conftest.cpp: In function 'int main()':
conftest.cpp:75: error: '_Bool' was not declared in this scope
configure:16304: $? = 1
configure: failed program was:
| /* confdefs.h */
| #define PACKAGE_NAME "zeromq"
| #define PACKAGE_TARNAME "zeromq"
| #define PACKAGE_VERSION "2.0.10"
| #define PACKAGE_STRING "zeromq 2.0.10"
| #define PACKAGE_BUGREPORT "zeromq-dev@lists.zeromq.org"
| #define PACKAGE_URL ""
| #define PACKAGE "zeromq"
| #define VERSION "2.0.10"
| #define STDC_HEADERS 1
| #define HAVE_SYS_TYPES_H 1
| #define HAVE_SYS_STAT_H 1
| #define HAVE_STDLIB_H 1
| #define HAVE_STRING_H 1
| #define HAVE_MEMORY_H 1
| #define HAVE_STRINGS_H 1
| #define HAVE_INTTYPES_H 1
| #define HAVE_STDINT_H 1
| #define HAVE_UNISTD_H 1
| #define HAVE_DLFCN_H 1
| #define LT_OBJDIR ".libs/"
| #define HAVE_LIBPTHREAD 1
| #define ZMQ_HAVE_OSX 1
| #define STDC_HEADERS 1
| #define HAVE_ERRNO_H 1
| #define HAVE_ARPA_INET_H 1
| #define HAVE_NETINET_TCP_H 1
| #define HAVE_NETINET_IN_H 1
| #define HAVE_STDDEF_H 1
| #define HAVE_STDLIB_H 1
| #define HAVE_STRING_H 1
| #define HAVE_SYS_SOCKET_H 1
| #define HAVE_SYS_TIME_H 1
| #define HAVE_UNISTD_H 1
| #define HAVE_LIMITS_H 1
| #define HAVE_IFADDRS_H 1
| #define ZMQ_HAVE_IFADDRS 1
| /* end confdefs.h.  */
| #include <stdio.h>
| #ifdef HAVE_SYS_TYPES_H
| # include <sys/types.h>
| #endif
| #ifdef HAVE_SYS_STAT_H
| # include <sys/stat.h>
| #endif
| #ifdef STDC_HEADERS
| # include <stdlib.h>
| # include <stddef.h>
| #else
| # ifdef HAVE_STDLIB_H
| #  include <stdlib.h>
| # endif
| #endif
| #ifdef HAVE_STRING_H
| # if !defined STDC_HEADERS && defined HAVE_MEMORY_H
| #  include <memory.h>
| # endif
| # include <string.h>
| #endif
| #ifdef HAVE_STRINGS_H
| # include <strings.h>
| #endif
| #ifdef HAVE_INTTYPES_H
| # include <inttypes.h>
| #endif
| #ifdef HAVE_STDINT_H
| # include <stdint.h>
| #endif
| #ifdef HAVE_UNISTD_H
| # include <unistd.h>
| #endif
| int
| main ()
| {
| if (sizeof (_Bool))
| 	 return 0;
|   ;
|   return 0;
| }
configure:16304: result: no
configure:16320: checking for an ANSI C-conforming const
configure:16385: g++ -c -g -O2 -D_DARWIN_C_SOURCE -D_REENTRANT -D_THREAD_SAFE  conftest.cpp >&5
configure:16385: $? = 0
configure:16392: result: yes
configure:16400: checking for inline
configure:16416: g++ -c -g -O2 -D_DARWIN_C_SOURCE -D_REENTRANT -D_THREAD_SAFE  conftest.cpp >&5
configure:16416: $? = 0
configure:16424: result: inline
configure:16442: checking for size_t
configure:16442: g++ -c -g -O2 -D_DARWIN_C_SOURCE -D_REENTRANT -D_THREAD_SAFE  conftest.cpp >&5
configure:16442: $? = 0
configure:16442: g++ -c -g -O2 -D_DARWIN_C_SOURCE -D_REENTRANT -D_THREAD_SAFE  conftest.cpp >&5
conftest.cpp: In function 'int main()':
conftest.cpp:76: error: expected primary-expression before ')' token
configure:16442: $? = 1
configure: failed program was:
| /* confdefs.h */
| #define PACKAGE_NAME "zeromq"
| #define PACKAGE_TARNAME "zeromq"
| #define PACKAGE_VERSION "2.0.10"
| #define PACKAGE_STRING "zeromq 2.0.10"
| #define PACKAGE_BUGREPORT "zeromq-dev@lists.zeromq.org"
| #define PACKAGE_URL ""
| #define PACKAGE "zeromq"
| #define VERSION "2.0.10"
| #define STDC_HEADERS 1
| #define HAVE_SYS_TYPES_H 1
| #define HAVE_SYS_STAT_H 1
| #define HAVE_STDLIB_H 1
| #define HAVE_STRING_H 1
| #define HAVE_MEMORY_H 1
| #define HAVE_STRINGS_H 1
| #define HAVE_INTTYPES_H 1
| #define HAVE_STDINT_H 1
| #define HAVE_UNISTD_H 1
| #define HAVE_DLFCN_H 1
| #define LT_OBJDIR ".libs/"
| #define HAVE_LIBPTHREAD 1
| #define ZMQ_HAVE_OSX 1
| #define STDC_HEADERS 1
| #define HAVE_ERRNO_H 1
| #define HAVE_ARPA_INET_H 1
| #define HAVE_NETINET_TCP_H 1
| #define HAVE_NETINET_IN_H 1
| #define HAVE_STDDEF_H 1
| #define HAVE_STDLIB_H 1
| #define HAVE_STRING_H 1
| #define HAVE_SYS_SOCKET_H 1
| #define HAVE_SYS_TIME_H 1
| #define HAVE_UNISTD_H 1
| #define HAVE_LIMITS_H 1
| #define HAVE_IFADDRS_H 1
| #define ZMQ_HAVE_IFADDRS 1
| #define HAVE_STDBOOL_H 1
| /* end confdefs.h.  */
| #include <stdio.h>
| #ifdef HAVE_SYS_TYPES_H
| # include <sys/types.h>
| #endif
| #ifdef HAVE_SYS_STAT_H
| # include <sys/stat.h>
| #endif
| #ifdef STDC_HEADERS
| # include <stdlib.h>
| # include <stddef.h>
| #else
| # ifdef HAVE_STDLIB_H
| #  include <stdlib.h>
| # endif
| #endif
| #ifdef HAVE_STRING_H
| # if !defined STDC_HEADERS && defined HAVE_MEMORY_H
| #  include <memory.h>
| # endif
| # include <string.h>
| #endif
| #ifdef HAVE_STRINGS_H
| # include <strings.h>
| #endif
| #ifdef HAVE_INTTYPES_H
| # include <inttypes.h>
| #endif
| #ifdef HAVE_STDINT_H
| # include <stdint.h>
| #endif
| #ifdef HAVE_UNISTD_H
| # include <unistd.h>
| #endif
| int
| main ()
| {
| if (sizeof ((size_t)))
| 	    return 0;
|   ;
|   return 0;
| }
configure:16442: result: yes
configure:16453: checking for ssize_t
configure:16453: g++ -c -g -O2 -D_DARWIN_C_SOURCE -D_REENTRANT -D_THREAD_SAFE  conftest.cpp >&5
configure:16453: $? = 0
configure:16453: g++ -c -g -O2 -D_DARWIN_C_SOURCE -D_REENTRANT -D_THREAD_SAFE  conftest.cpp >&5
conftest.cpp: In function 'int main()':
conftest.cpp:76: error: expected primary-expression before ')' token
configure:16453: $? = 1
configure: failed program was:
| /* confdefs.h */
| #define PACKAGE_NAME "zeromq"
| #define PACKAGE_TARNAME "zeromq"
| #define PACKAGE_VERSION "2.0.10"
| #define PACKAGE_STRING "zeromq 2.0.10"
| #define PACKAGE_BUGREPORT "zeromq-dev@lists.zeromq.org"
| #define PACKAGE_URL ""
| #define PACKAGE "zeromq"
| #define VERSION "2.0.10"
| #define STDC_HEADERS 1
| #define HAVE_SYS_TYPES_H 1
| #define HAVE_SYS_STAT_H 1
| #define HAVE_STDLIB_H 1
| #define HAVE_STRING_H 1
| #define HAVE_MEMORY_H 1
| #define HAVE_STRINGS_H 1
| #define HAVE_INTTYPES_H 1
| #define HAVE_STDINT_H 1
| #define HAVE_UNISTD_H 1
| #define HAVE_DLFCN_H 1
| #define LT_OBJDIR ".libs/"
| #define HAVE_LIBPTHREAD 1
| #define ZMQ_HAVE_OSX 1
| #define STDC_HEADERS 1
| #define HAVE_ERRNO_H 1
| #define HAVE_ARPA_INET_H 1
| #define HAVE_NETINET_TCP_H 1
| #define HAVE_NETINET_IN_H 1
| #define HAVE_STDDEF_H 1
| #define HAVE_STDLIB_H 1
| #define HAVE_STRING_H 1
| #define HAVE_SYS_SOCKET_H 1
| #define HAVE_SYS_TIME_H 1
| #define HAVE_UNISTD_H 1
| #define HAVE_LIMITS_H 1
| #define HAVE_IFADDRS_H 1
| #define ZMQ_HAVE_IFADDRS 1
| #define HAVE_STDBOOL_H 1
| /* end confdefs.h.  */
| #include <stdio.h>
| #ifdef HAVE_SYS_TYPES_H
| # include <sys/types.h>
| #endif
| #ifdef HAVE_SYS_STAT_H
| # include <sys/stat.h>
| #endif
| #ifdef STDC_HEADERS
| # include <stdlib.h>
| # include <stddef.h>
| #else
| # ifdef HAVE_STDLIB_H
| #  include <stdlib.h>
| # endif
| #endif
| #ifdef HAVE_STRING_H
| # if !defined STDC_HEADERS && defined HAVE_MEMORY_H
| #  include <memory.h>
| # endif
| # include <string.h>
| #endif
| #ifdef HAVE_STRINGS_H
| # include <strings.h>
| #endif
| #ifdef HAVE_INTTYPES_H
| # include <inttypes.h>
| #endif
| #ifdef HAVE_STDINT_H
| # include <stdint.h>
| #endif
| #ifdef HAVE_UNISTD_H
| # include <unistd.h>
| #endif
| int
| main ()
| {
| if (sizeof ((ssize_t)))
| 	    return 0;
|   ;
|   return 0;
| }
configure:16453: result: yes
configure:16464: checking whether time.h and sys/time.h may both be included
configure:16484: g++ -c -g -O2 -D_DARWIN_C_SOURCE -D_REENTRANT -D_THREAD_SAFE  conftest.cpp >&5
configure:16484: $? = 0
configure:16491: result: yes
configure:16499: checking for uint32_t
configure:16499: g++ -c -g -O2 -D_DARWIN_C_SOURCE -D_REENTRANT -D_THREAD_SAFE  conftest.cpp >&5
configure:16499: $? = 0
configure:16499: result: yes
configure:16513: checking for working volatile
configure:16532: g++ -c -g -O2 -D_DARWIN_C_SOURCE -D_REENTRANT -D_THREAD_SAFE  conftest.cpp >&5
configure:16532: $? = 0
configure:16539: result: yes
configure:17021: checking return type of signal handlers
configure:17039: g++ -c -g -O2 -Wall -D_DARWIN_C_SOURCE -D_REENTRANT -D_THREAD_SAFE  conftest.cpp >&5
conftest.cpp: In function 'int main()':
conftest.cpp:47: error: void value not ignored as it ought to be
configure:17039: $? = 1
configure: failed program was:
| /* confdefs.h */
| #define PACKAGE_NAME "zeromq"
| #define PACKAGE_TARNAME "zeromq"
| #define PACKAGE_VERSION "2.0.10"
| #define PACKAGE_STRING "zeromq 2.0.10"
| #define PACKAGE_BUGREPORT "zeromq-dev@lists.zeromq.org"
| #define PACKAGE_URL ""
| #define PACKAGE "zeromq"
| #define VERSION "2.0.10"
| #define STDC_HEADERS 1
| #define HAVE_SYS_TYPES_H 1
| #define HAVE_SYS_STAT_H 1
| #define HAVE_STDLIB_H 1
| #define HAVE_STRING_H 1
| #define HAVE_MEMORY_H 1
| #define HAVE_STRINGS_H 1
| #define HAVE_INTTYPES_H 1
| #define HAVE_STDINT_H 1
| #define HAVE_UNISTD_H 1
| #define HAVE_DLFCN_H 1
| #define LT_OBJDIR ".libs/"
| #define HAVE_LIBPTHREAD 1
| #define ZMQ_HAVE_OSX 1
| #define STDC_HEADERS 1
| #define HAVE_ERRNO_H 1
| #define HAVE_ARPA_INET_H 1
| #define HAVE_NETINET_TCP_H 1
| #define HAVE_NETINET_IN_H 1
| #define HAVE_STDDEF_H 1
| #define HAVE_STDLIB_H 1
| #define HAVE_STRING_H 1
| #define HAVE_SYS_SOCKET_H 1
| #define HAVE_SYS_TIME_H 1
| #define HAVE_UNISTD_H 1
| #define HAVE_LIMITS_H 1
| #define HAVE_IFADDRS_H 1
| #define ZMQ_HAVE_IFADDRS 1
| #define HAVE_STDBOOL_H 1
| #define TIME_WITH_SYS_TIME 1
| /* end confdefs.h.  */
| #include <sys/types.h>
| #include <signal.h>
| 
| int
| main ()
| {
| return *(signal (0, 0)) (0) == 1;
|   ;
|   return 0;
| }
configure:17046: result: void
configure:17057: checking for perror
configure:17057: g++ -o conftest -g -O2 -Wall -D_DARWIN_C_SOURCE -D_REENTRANT -D_THREAD_SAFE   conftest.cpp -lpthread  >&5
configure:17057: $? = 0
configure:17057: result: yes
configure:17057: checking for gettimeofday
configure:17057: g++ -o conftest -g -O2 -Wall -D_DARWIN_C_SOURCE -D_REENTRANT -D_THREAD_SAFE   conftest.cpp -lpthread  >&5
configure:17057: $? = 0
configure:17057: result: yes
configure:17057: checking for memset
configure:17057: g++ -o conftest -g -O2 -Wall -D_DARWIN_C_SOURCE -D_REENTRANT -D_THREAD_SAFE   conftest.cpp -lpthread  >&5
configure:17057: $? = 0
configure:17057: result: yes
configure:17057: checking for socket
configure:17057: g++ -o conftest -g -O2 -Wall -D_DARWIN_C_SOURCE -D_REENTRANT -D_THREAD_SAFE   conftest.cpp -lpthread  >&5
configure:17057: $? = 0
configure:17057: result: yes
configure:17057: checking for getifaddrs
configure:17057: g++ -o conftest -g -O2 -Wall -D_DARWIN_C_SOURCE -D_REENTRANT -D_THREAD_SAFE   conftest.cpp -lpthread  >&5
configure:17057: $? = 0
configure:17057: result: yes
configure:17057: checking for freeifaddrs
configure:17057: g++ -o conftest -g -O2 -Wall -D_DARWIN_C_SOURCE -D_REENTRANT -D_THREAD_SAFE   conftest.cpp -lpthread  >&5
configure:17057: $? = 0
configure:17057: result: yes
configure:17216: creating ./config.status

## ---------------------- ##
## Running config.status. ##
## ---------------------- ##

This file was extended by zeromq config.status 2.0.10, which was
generated by GNU Autoconf 2.65.  Invocation command line was

  CONFIG_FILES    = 
  CONFIG_HEADERS  = 
  CONFIG_LINKS    = 
  CONFIG_COMMANDS = 
  $ ./config.status 

on TISs-MacBook-Pro.local

config.status:1184: creating Makefile
config.status:1184: creating src/Makefile
config.status:1184: creating doc/Makefile
config.status:1184: creating perf/Makefile
config.status:1184: creating src/libzmq.pc
config.status:1184: creating devices/Makefile
config.status:1184: creating devices/zmq_forwarder/Makefile
config.status:1184: creating devices/zmq_streamer/Makefile
config.status:1184: creating devices/zmq_queue/Makefile
config.status:1184: creating builds/msvc/Makefile
config.status:1184: creating src/platform.hpp
config.status:1404: executing depfiles commands
config.status:1404: executing libtool commands

## ---------------- ##
## Cache variables. ##
## ---------------- ##

ac_cv_build=i386-apple-darwin10.4.0
ac_cv_c_compiler_gnu=yes
ac_cv_c_const=yes
ac_cv_c_inline=inline
ac_cv_c_uint32_t=yes
ac_cv_c_volatile=yes
ac_cv_cxx_compiler_gnu=yes
ac_cv_env_CCC_set=
ac_cv_env_CCC_value=
ac_cv_env_CC_set=
ac_cv_env_CC_value=
ac_cv_env_CFLAGS_set=
ac_cv_env_CFLAGS_value=
ac_cv_env_CPPFLAGS_set=
ac_cv_env_CPPFLAGS_value=
ac_cv_env_CPP_set=
ac_cv_env_CPP_value=
ac_cv_env_CXXCPP_set=
ac_cv_env_CXXCPP_value=
ac_cv_env_CXXFLAGS_set=
ac_cv_env_CXXFLAGS_value=
ac_cv_env_CXX_set=
ac_cv_env_CXX_value=
ac_cv_env_GLIB_CFLAGS_set=
ac_cv_env_GLIB_CFLAGS_value=
ac_cv_env_GLIB_LIBS_set=
ac_cv_env_GLIB_LIBS_value=
ac_cv_env_LDFLAGS_set=
ac_cv_env_LDFLAGS_value=
ac_cv_env_LIBS_set=
ac_cv_env_LIBS_value=
ac_cv_env_PKG_CONFIG_set=
ac_cv_env_PKG_CONFIG_value=
ac_cv_env_build_alias_set=
ac_cv_env_build_alias_value=
ac_cv_env_host_alias_set=
ac_cv_env_host_alias_value=
ac_cv_env_target_alias_set=
ac_cv_env_target_alias_value=
ac_cv_func_freeifaddrs=yes
ac_cv_func_getifaddrs=yes
ac_cv_func_gettimeofday=yes
ac_cv_func_memset=yes
ac_cv_func_perror=yes
ac_cv_func_socket=yes
ac_cv_header_arpa_inet_h=yes
ac_cv_header_dlfcn_h=yes
ac_cv_header_errno_h=yes
ac_cv_header_ifaddrs_h=yes
ac_cv_header_inttypes_h=yes
ac_cv_header_limits_h=yes
ac_cv_header_memory_h=yes
ac_cv_header_netinet_in_h=yes
ac_cv_header_netinet_tcp_h=yes
ac_cv_header_stdbool_h=yes
ac_cv_header_stdc=yes
ac_cv_header_stddef_h=yes
ac_cv_header_stdint_h=yes
ac_cv_header_stdlib_h=yes
ac_cv_header_string_h=yes
ac_cv_header_strings_h=yes
ac_cv_header_sys_socket_h=yes
ac_cv_header_sys_stat_h=yes
ac_cv_header_sys_time_h=yes
ac_cv_header_sys_types_h=yes
ac_cv_header_time=yes
ac_cv_header_unistd_h=yes
ac_cv_host=i386-apple-darwin10.4.0
ac_cv_lib_pthread_pthread_create=yes
ac_cv_objext=o
ac_cv_path_EGREP='/usr/bin/grep -E'
ac_cv_path_FGREP='/usr/bin/grep -F'
ac_cv_path_GREP=/usr/bin/grep
ac_cv_path_SED=/usr/bin/sed
ac_cv_path_install='/usr/bin/install -c'
ac_cv_prog_AWK=awk
ac_cv_prog_CPP='gcc -E'
ac_cv_prog_CXXCPP='g++ -E'
ac_cv_prog_ac_ct_AR=ar
ac_cv_prog_ac_ct_CC=gcc
ac_cv_prog_ac_ct_CXX=g++
ac_cv_prog_ac_ct_DSYMUTIL=dsymutil
ac_cv_prog_ac_ct_LIPO=lipo
ac_cv_prog_ac_ct_NMEDIT=nmedit
ac_cv_prog_ac_ct_OBJDUMP=objdump
ac_cv_prog_ac_ct_OTOOL=otool
ac_cv_prog_ac_ct_RANLIB=ranlib
ac_cv_prog_ac_ct_STRIP=strip
ac_cv_prog_cc_c89=
ac_cv_prog_cc_g=yes
ac_cv_prog_cc_gcc_c_o=yes
ac_cv_prog_cxx_g=yes
ac_cv_prog_have_asciidoc=no
ac_cv_prog_have_pkg_config=yes
ac_cv_prog_have_xmlto=no
ac_cv_prog_make_make_set=yes
ac_cv_type__Bool=no
ac_cv_type_signal=void
ac_cv_type_size_t=yes
ac_cv_type_ssize_t=yes
am_cv_CC_dependencies_compiler_type=gcc3
am_cv_CXX_dependencies_compiler_type=gcc3
am_cv_prog_tar_ustar=gnutar
lt_cv_apple_cc_single_mod=yes
lt_cv_deplibs_check_method=pass_all
lt_cv_file_magic_cmd='$MAGIC_CMD'
lt_cv_file_magic_test_file=
lt_cv_ld_exported_symbols_list=yes
lt_cv_ld_reload_flag=-r
lt_cv_nm_interface='BSD nm'
lt_cv_objdir=.libs
lt_cv_path_LD=/usr/libexec/gcc/i686-apple-darwin10/4.2.1/ld
lt_cv_path_LDCXX=/usr/libexec/gcc/i686-apple-darwin10/4.2.1/ld
lt_cv_path_NM=/usr/bin/nm
lt_cv_prog_compiler_c_o=yes
lt_cv_prog_compiler_c_o_CXX=yes
lt_cv_prog_compiler_pic_works=yes
lt_cv_prog_compiler_pic_works_CXX=yes
lt_cv_prog_compiler_rtti_exceptions=no
lt_cv_prog_compiler_static_works=no
lt_cv_prog_compiler_static_works_CXX=no
lt_cv_prog_gnu_ld=no
lt_cv_prog_gnu_ldcxx=no
lt_cv_sys_global_symbol_pipe='sed -n -e '\''s/^.*[	 ]\([BCDEGRST][BCDEGRST]*\)[	 ][	 ]*_\([_A-Za-z][_A-Za-z0-9]*\)$/\1 _\2 \2/p'\'''
lt_cv_sys_global_symbol_to_c_name_address='sed -n -e '\''s/^: \([^ ]*\) $/  {\"\1\", (void *) 0},/p'\'' -e '\''s/^[BCDEGRST]* \([^ ]*\) \([^ ]*\)$/  {"\2", (void *) \&\2},/p'\'''
lt_cv_sys_global_symbol_to_c_name_address_lib_prefix='sed -n -e '\''s/^: \([^ ]*\) $/  {\"\1\", (void *) 0},/p'\'' -e '\''s/^[BCDEGRST]* \([^ ]*\) \(lib[^ ]*\)$/  {"\2", (void *) \&\2},/p'\'' -e '\''s/^[BCDEGRST]* \([^ ]*\) \([^ ]*\)$/  {"lib\2", (void *) \&\2},/p'\'''
lt_cv_sys_global_symbol_to_cdecl='sed -n -e '\''s/^T .* \(.*\)$/extern int \1();/p'\'' -e '\''s/^[BCDEGRST]* .* \(.*\)$/extern char \1;/p'\'''
lt_cv_sys_max_cmd_len=196608

## ----------------- ##
## Output variables. ##
## ----------------- ##

ACLOCAL='${SHELL} /Users/tis/Projects/griefsquad/lib/zeromq-2.0.10/config/missing --run aclocal-1.11'
AMDEPBACKSLASH='\'
AMDEP_FALSE='#'
AMDEP_TRUE=''
AMTAR='${SHELL} /Users/tis/Projects/griefsquad/lib/zeromq-2.0.10/config/missing --run tar'
AR='ar'
AS='as'
AUTOCONF='${SHELL} /Users/tis/Projects/griefsquad/lib/zeromq-2.0.10/config/missing --run autoconf'
AUTOHEADER='${SHELL} /Users/tis/Projects/griefsquad/lib/zeromq-2.0.10/config/missing --run autoheader'
AUTOMAKE='${SHELL} /Users/tis/Projects/griefsquad/lib/zeromq-2.0.10/config/missing --run automake-1.11'
AWK='awk'
BUILD_DOC_FALSE=''
BUILD_DOC_TRUE='#'
BUILD_NO_PGM_FALSE='#'
BUILD_NO_PGM_TRUE=''
BUILD_PGM_FALSE=''
BUILD_PGM_TRUE='#'
CC='gcc'
CCDEPMODE='depmode=gcc3'
CFLAGS='-g -O2'
CPP='gcc -E'
CPPFLAGS='-Wall -D_DARWIN_C_SOURCE -D_REENTRANT -D_THREAD_SAFE '
CXX='g++'
CXXCPP='g++ -E'
CXXDEPMODE='depmode=gcc3'
CXXFLAGS='-g -O2'
CYGPATH_W='echo'
DEFS='-DHAVE_CONFIG_H'
DEPDIR='.deps'
DLLTOOL='dlltool'
DSYMUTIL='dsymutil'
DUMPBIN=''
ECHO_C='\c'
ECHO_N=''
ECHO_T=''
EGREP='/usr/bin/grep -E'
EXEEXT=''
FGREP='/usr/bin/grep -F'
GLIB_CFLAGS=''
GLIB_LIBS=''
GREP='/usr/bin/grep'
INSTALL_DATA='${INSTALL} -m 644'
INSTALL_MAN_FALSE='#'
INSTALL_MAN_TRUE=''
INSTALL_PROGRAM='${INSTALL}'
INSTALL_SCRIPT='${INSTALL}'
INSTALL_STRIP_PROGRAM='$(install_sh) -c -s'
LD='/usr/libexec/gcc/i686-apple-darwin10/4.2.1/ld'
LDFLAGS=''
LIBOBJS=''
LIBS='-lpthread '
LIBTOOL='$(SHELL) $(top_builddir)/libtool'
LIBZMQ_EXTRA_CXXFLAGS='-Wno-uninitialized'
LIBZMQ_EXTRA_LDFLAGS=''
LIPO='lipo'
LN_S='ln -s'
LTLIBOBJS=''
LTVER='0:0:0'
MAKEINFO='${SHELL} /Users/tis/Projects/griefsquad/lib/zeromq-2.0.10/config/missing --run makeinfo'
MKDIR_P='config/install-sh -c -d'
NM='/usr/bin/nm'
NMEDIT='nmedit'
OBJDUMP='objdump'
OBJEXT='o'
ON_MINGW_FALSE=''
ON_MINGW_TRUE='#'
OTOOL64=':'
OTOOL='otool'
PACKAGE='zeromq'
PACKAGE_BUGREPORT='zeromq-dev@lists.zeromq.org'
PACKAGE_NAME='zeromq'
PACKAGE_STRING='zeromq 2.0.10'
PACKAGE_TARNAME='zeromq'
PACKAGE_URL=''
PACKAGE_VERSION='2.0.10'
PATH_SEPARATOR=':'
PKG_CONFIG=''
RANLIB='ranlib'
SED='/usr/bin/sed'
SET_MAKE=''
SHELL='/bin/sh'
STRIP='strip'
VERSION='2.0.10'
ac_ct_CC='gcc'
ac_ct_CXX='g++'
ac_ct_DUMPBIN=''
am__EXEEXT_FALSE=''
am__EXEEXT_TRUE='#'
am__fastdepCC_FALSE='#'
am__fastdepCC_TRUE=''
am__fastdepCXX_FALSE='#'
am__fastdepCXX_TRUE=''
am__include='include'
am__isrc=''
am__leading_dot='.'
am__quote=''
am__tar='tar --format=ustar -chf - "$$tardir"'
am__untar='tar -xf -'
bindir='${exec_prefix}/bin'
build='i386-apple-darwin10.4.0'
build_alias=''
build_cpu='i386'
build_os='darwin10.4.0'
build_vendor='apple'
datadir='${datarootdir}'
datarootdir='${prefix}/share'
docdir='${datarootdir}/doc/${PACKAGE_TARNAME}'
dvidir='${docdir}'
exec_prefix='${prefix}'
have_asciidoc='no'
have_gzip=''
have_perl=''
have_pkg_config='yes'
have_python=''
have_xmlto='no'
host='i386-apple-darwin10.4.0'
host_alias=''
host_cpu='i386'
host_os='darwin10.4.0'
host_vendor='apple'
htmldir='${docdir}'
includedir='${prefix}/include'
infodir='${datarootdir}/info'
install_sh='${SHELL} /Users/tis/Projects/griefsquad/lib/zeromq-2.0.10/config/install-sh'
inttypes='0'
libdir='${exec_prefix}/lib'
libexecdir='${exec_prefix}/libexec'
localedir='${datarootdir}/locale'
localstatedir='${prefix}/var'
lt_ECHO='/bin/echo'
mandir='${datarootdir}/man'
mkdir_p='$(top_builddir)/config/install-sh -c -d'
oldincludedir='/usr/include'
pdfdir='${docdir}'
pgm_basename='libpgm-2-1-28~dfsg'
prefix='/usr/local'
program_transform_name='s,x,x,'
psdir='${docdir}'
sbindir='${exec_prefix}/sbin'
sharedstatedir='${prefix}/com'
stdint='0'
sysconfdir='${prefix}/etc'
target_alias=''

## ----------- ##
## confdefs.h. ##
## ----------- ##

/* confdefs.h */
#define PACKAGE_NAME "zeromq"
#define PACKAGE_TARNAME "zeromq"
#define PACKAGE_VERSION "2.0.10"
#define PACKAGE_STRING "zeromq 2.0.10"
#define PACKAGE_BUGREPORT "zeromq-dev@lists.zeromq.org"
#define PACKAGE_URL ""
#define PACKAGE "zeromq"
#define VERSION "2.0.10"
#define STDC_HEADERS 1
#define HAVE_SYS_TYPES_H 1
#define HAVE_SYS_STAT_H 1
#define HAVE_STDLIB_H 1
#define HAVE_STRING_H 1
#define HAVE_MEMORY_H 1
#define HAVE_STRINGS_H 1
#define HAVE_INTTYPES_H 1
#define HAVE_STDINT_H 1
#define HAVE_UNISTD_H 1
#define HAVE_DLFCN_H 1
#define LT_OBJDIR ".libs/"
#define HAVE_LIBPTHREAD 1
#define ZMQ_HAVE_OSX 1
#define STDC_HEADERS 1
#define HAVE_ERRNO_H 1
#define HAVE_ARPA_INET_H 1
#define HAVE_NETINET_TCP_H 1
#define HAVE_NETINET_IN_H 1
#define HAVE_STDDEF_H 1
#define HAVE_STDLIB_H 1
#define HAVE_STRING_H 1
#define HAVE_SYS_SOCKET_H 1
#define HAVE_SYS_TIME_H 1
#define HAVE_UNISTD_H 1
#define HAVE_LIMITS_H 1
#define HAVE_IFADDRS_H 1
#define ZMQ_HAVE_IFADDRS 1
#define HAVE_STDBOOL_H 1
#define TIME_WITH_SYS_TIME 1
#define RETSIGTYPE void
#define HAVE_PERROR 1
#define HAVE_GETTIMEOFDAY 1
#define HAVE_MEMSET 1
#define HAVE_SOCKET 1
#define HAVE_GETIFADDRS 1
#define HAVE_FREEIFADDRS 1

configure: exit 0
